2021-06-17 18:38:35.454 - INFO - 6945 - azureml.train.automl.run._log_activity:55 - ActivityStarted: GetOutput
2021-06-17 18:38:35.482 - INFO - 6945 - azureml.train.automl.run._log_activity:55 - ActivityStarted: GetOutput
2021-06-17 18:38:35.502 - INFO - 6945 - azureml.train.automl.run._log_activity:55 - ActivityStarted: GetChildren
2021-06-17 18:38:35.973 - INFO - 6945 - azureml.train.automl.run._log_activity:93 - ActivityCompleted: Activity=GetChildren, HowEnded=Success, Duration=470.5[ms]
2021-06-17 18:38:36.256 - INFO - 6945 - azureml.train.automl.run._log_activity:93 - ActivityCompleted: Activity=GetOutput, HowEnded=Success, Duration=774.0[ms]
2021-06-17 18:38:36.257 - INFO - 6945 - azureml.train.automl._model_download_utilities._log_activity:55 - ActivityStarted: DownloadModel
2021-06-17 18:38:55.374 - INFO - 6945 - azureml.train.automl._model_download_utilities._log_activity:93 - ActivityCompleted: Activity=DownloadModel, HowEnded=Success, Duration=19116.88[ms]
2021-06-17 18:38:55.376 - INFO - 6945 - azureml.train.automl.run._log_activity:93 - ActivityCompleted: Activity=GetOutput, HowEnded=Success, Duration=19922.28[ms]
2021-06-17 19:07:01.764 - INFO - 6945 - azureml.train.automl.run._log_activity:55 - ActivityStarted: GetOutput
2021-06-17 19:07:01.787 - INFO - 6945 - azureml.train.automl.run._log_activity:55 - ActivityStarted: GetOutput
2021-06-17 19:07:01.815 - INFO - 6945 - azureml.train.automl.run._log_activity:55 - ActivityStarted: GetChildren
2021-06-17 19:07:01.971 - INFO - 6945 - azureml.train.automl.run._log_activity:93 - ActivityCompleted: Activity=GetChildren, HowEnded=Success, Duration=155.82[ms]
2021-06-17 19:07:02.033 - INFO - 6945 - azureml.train.automl.run._log_activity:93 - ActivityCompleted: Activity=GetOutput, HowEnded=Success, Duration=246.41[ms]
2021-06-17 19:07:02.034 - INFO - 6945 - azureml.train.automl._model_download_utilities._log_activity:55 - ActivityStarted: DownloadModel
2021-06-17 19:07:02.663 - INFO - 6945 - azureml.train.automl._model_download_utilities._log_activity:93 - ActivityCompleted: Activity=DownloadModel, HowEnded=Success, Duration=629.27[ms]
2021-06-17 19:07:02.664 - INFO - 6945 - azureml.train.automl.run._log_activity:93 - ActivityCompleted: Activity=GetOutput, HowEnded=Success, Duration=900.28[ms]
2021-06-17 19:08:58.664 - INFO - 6945 - azureml.train.automl.run._log_activity:55 - ActivityStarted: RegisterModel
2021-06-17 19:08:58.687 - INFO - 6945 - azureml.train.automl.run._log_activity:55 - ActivityStarted: GetChildren
2021-06-17 19:08:58.898 - INFO - 6945 - azureml.train.automl.run._log_activity:93 - ActivityCompleted: Activity=GetChildren, HowEnded=Success, Duration=211.02[ms]
2021-06-17 19:08:59.536 - INFO - 6945 - azureml.train.automl.run._log_activity:93 - ActivityCompleted: Activity=RegisterModel, HowEnded=Success, Duration=872.17[ms]
2021-06-17 23:04:42.960 - INFO - 28216 - azureml.train.automl.run._log_activity:55 - ActivityStarted: GetOutput
2021-06-17 23:04:42.981 - INFO - 28216 - azureml.train.automl.run._log_activity:55 - ActivityStarted: GetOutput
2021-06-17 23:04:43.013 - INFO - 28216 - azureml.train.automl.run._log_activity:55 - ActivityStarted: GetChildren
2021-06-17 23:04:43.250 - INFO - 28216 - azureml.train.automl.run._log_activity:93 - ActivityCompleted: Activity=GetChildren, HowEnded=Success, Duration=237.23[ms]
2021-06-17 23:04:43.349 - INFO - 28216 - azureml.train.automl.run._log_activity:93 - ActivityCompleted: Activity=GetOutput, HowEnded=Success, Duration=368.64[ms]
2021-06-17 23:04:43.350 - INFO - 28216 - azureml.train.automl._model_download_utilities._log_activity:55 - ActivityStarted: DownloadModel
2021-06-17 23:04:49.925 - INFO - 28216 - azureml.train.automl._model_download_utilities._log_activity:93 - ActivityCompleted: Activity=DownloadModel, HowEnded=Success, Duration=6575.34[ms]
2021-06-17 23:04:49.926 - INFO - 28216 - azureml.train.automl.run._log_activity:93 - ActivityCompleted: Activity=GetOutput, HowEnded=Success, Duration=6966.32[ms]
2021-06-17 23:04:52.157 - INFO - 28216 - azureml.train.automl.run._log_activity:55 - ActivityStarted: RegisterModel
2021-06-17 23:04:52.190 - INFO - 28216 - azureml.train.automl.run._log_activity:55 - ActivityStarted: GetChildren
2021-06-17 23:04:52.351 - INFO - 28216 - azureml.train.automl.run._log_activity:93 - ActivityCompleted: Activity=GetChildren, HowEnded=Success, Duration=161.39[ms]
2021-06-17 23:04:52.958 - INFO - 28216 - azureml.train.automl.run._log_activity:93 - ActivityCompleted: Activity=RegisterModel, HowEnded=Success, Duration=801.13[ms]
2021-06-17 23:08:21.477 - INFO - 28216 - azureml.train.automl.run._log_activity:55 - ActivityStarted: RegisterModel
2021-06-17 23:08:21.497 - INFO - 28216 - azureml.train.automl.run._log_activity:55 - ActivityStarted: GetChildren
2021-06-17 23:08:21.635 - INFO - 28216 - azureml.train.automl.run._log_activity:93 - ActivityCompleted: Activity=GetChildren, HowEnded=Success, Duration=137.97[ms]
2021-06-17 23:08:22.410 - INFO - 28216 - azureml.train.automl.run._log_activity:93 - ActivityCompleted: Activity=RegisterModel, HowEnded=Success, Duration=933.35[ms]
2021-06-18 16:43:48.929 - INFO - 6725 - azureml.train.automl.run._log_activity:55 - ActivityStarted: GetOutput
2021-06-18 16:43:49.016 - INFO - 6725 - azureml.train.automl.run._log_activity:55 - ActivityStarted: GetOutput
2021-06-18 16:43:49.104 - INFO - 6725 - azureml.train.automl.run._log_activity:55 - ActivityStarted: GetChildren
2021-06-18 16:43:49.301 - INFO - 6725 - azureml.train.automl.run._log_activity:93 - ActivityCompleted: Activity=GetChildren, HowEnded=Success, Duration=197.17[ms]
2021-06-18 16:43:49.385 - INFO - 6725 - azureml.train.automl.run._log_activity:93 - ActivityCompleted: Activity=GetOutput, HowEnded=Success, Duration=369.38[ms]
2021-06-18 16:43:49.393 - INFO - 6725 - azureml.train.automl._model_download_utilities._log_activity:55 - ActivityStarted: DownloadModel
2021-06-18 16:43:56.769 - INFO - 6725 - azureml.train.automl._model_download_utilities._log_activity:93 - ActivityCompleted: Activity=DownloadModel, HowEnded=Success, Duration=7375.78[ms]
2021-06-18 16:43:56.821 - INFO - 6725 - azureml.train.automl.run._log_activity:93 - ActivityCompleted: Activity=GetOutput, HowEnded=Success, Duration=7892.09[ms]
2021-06-18 16:46:15.681 - INFO - 6725 - azureml.train.automl.run._log_activity:55 - ActivityStarted: GetOutput
2021-06-18 16:46:15.717 - INFO - 6725 - azureml.train.automl.run._log_activity:55 - ActivityStarted: GetOutput
2021-06-18 16:46:15.748 - INFO - 6725 - azureml.train.automl.run._log_activity:55 - ActivityStarted: GetChildren
2021-06-18 16:46:16.271 - INFO - 6725 - azureml.train.automl.run._log_activity:93 - ActivityCompleted: Activity=GetChildren, HowEnded=Success, Duration=523.05[ms]
2021-06-18 16:46:16.339 - INFO - 6725 - azureml.train.automl.run._log_activity:93 - ActivityCompleted: Activity=GetOutput, HowEnded=Success, Duration=621.39[ms]
2021-06-18 16:46:16.345 - INFO - 6725 - azureml.train.automl._model_download_utilities._log_activity:55 - ActivityStarted: DownloadModel
2021-06-18 16:46:16.867 - INFO - 6725 - azureml.train.automl._model_download_utilities._log_activity:93 - ActivityCompleted: Activity=DownloadModel, HowEnded=Success, Duration=522.25[ms]
2021-06-18 16:46:16.881 - INFO - 6725 - azureml.train.automl.run._log_activity:93 - ActivityCompleted: Activity=GetOutput, HowEnded=Success, Duration=1200.0[ms]
2021-06-18 16:46:40.230 - INFO - 6725 - azureml.train.automl.run._log_activity:55 - ActivityStarted: RegisterModel
2021-06-18 16:46:40.275 - INFO - 6725 - azureml.train.automl.run._log_activity:55 - ActivityStarted: GetChildren
2021-06-18 16:46:40.447 - INFO - 6725 - azureml.train.automl.run._log_activity:93 - ActivityCompleted: Activity=GetChildren, HowEnded=Success, Duration=172.19[ms]
2021-06-18 16:46:41.078 - INFO - 6725 - azureml.train.automl.run._log_activity:93 - ActivityCompleted: Activity=RegisterModel, HowEnded=Success, Duration=847.81[ms]
2021-06-18 20:25:46.581 - INFO - 7472 - azureml.train.automl.run._log_activity:55 - ActivityStarted: GetOutput
2021-06-18 20:25:46.690 - INFO - 7472 - azureml.train.automl.run._log_activity:55 - ActivityStarted: GetOutput
2021-06-18 20:25:46.717 - INFO - 7472 - azureml.train.automl.run._log_activity:55 - ActivityStarted: GetChildren
2021-06-18 20:25:46.883 - INFO - 7472 - azureml.train.automl.run._log_activity:93 - ActivityCompleted: Activity=GetChildren, HowEnded=Success, Duration=166.76[ms]
2021-06-18 20:25:46.968 - INFO - 7472 - azureml.train.automl.run._log_activity:93 - ActivityCompleted: Activity=GetOutput, HowEnded=Success, Duration=277.8[ms]
2021-06-18 20:25:46.968 - INFO - 7472 - azureml.train.automl._model_download_utilities._log_activity:55 - ActivityStarted: DownloadModel
2021-06-18 20:26:03.608 - INFO - 7472 - azureml.train.automl._model_download_utilities._log_activity:93 - ActivityCompleted: Activity=DownloadModel, HowEnded=Success, Duration=16639.45[ms]
2021-06-18 20:26:03.609 - INFO - 7472 - azureml.train.automl.run._log_activity:93 - ActivityCompleted: Activity=GetOutput, HowEnded=Success, Duration=17028.27[ms]
2021-06-18 20:28:25.554 - INFO - 7472 - azureml.train.automl.run._log_activity:55 - ActivityStarted: RegisterModel
2021-06-18 20:28:25.574 - INFO - 7472 - azureml.train.automl.run._log_activity:55 - ActivityStarted: GetChildren
2021-06-18 20:28:25.723 - INFO - 7472 - azureml.train.automl.run._log_activity:93 - ActivityCompleted: Activity=GetChildren, HowEnded=Success, Duration=148.29[ms]
2021-06-18 20:28:26.598 - INFO - 7472 - azureml.train.automl.run._log_activity:93 - ActivityCompleted: Activity=RegisterModel, HowEnded=Success, Duration=1043.73[ms]
